{"/Applications/MAMP/htdocs/domopaque/src/config.ts": {"path":"/Applications/MAMP/htdocs/domopaque/src/config.ts","statementMap":{"0":{"start":{"line":1,"column":13},"end":{"line":40,"column":null}}},"fnMap":{},"branchMap":{},"s":{"0":1},"f":{},"b":{}}
,"/Applications/MAMP/htdocs/domopaque/src/index.ts": {"path":"/Applications/MAMP/htdocs/domopaque/src/index.ts","statementMap":{"0":{"start":{"line":1,"column":0},"end":{"line":1,"column":null}},"1":{"start":{"line":2,"column":14},"end":{"line":2,"column":32}},"2":{"start":{"line":3,"column":0},"end":{"line":3,"column":30}},"3":{"start":{"line":4,"column":0},"end":{"line":4,"column":80}},"4":{"start":{"line":6,"column":0},"end":{"line":6,"column":57}},"5":{"start":{"line":7,"column":0},"end":{"line":7,"column":75}},"6":{"start":{"line":9,"column":0},"end":{"line":9,"column":33}},"7":{"start":{"line":12,"column":10},"end":{"line":12,"column":19}},"8":{"start":{"line":13,"column":0},"end":{"line":13,"column":19}},"9":{"start":{"line":14,"column":0},"end":{"line":14,"column":null}},"10":{"start":{"line":18,"column":2},"end":{"line":18,"column":26}},"11":{"start":{"line":19,"column":2},"end":{"line":19,"column":25}},"12":{"start":{"line":21,"column":15},"end":{"line":24,"column":4}},"13":{"start":{"line":23,"column":4},"end":{"line":23,"column":64}},"14":{"start":{"line":26,"column":15},"end":{"line":26,"column":37}},"15":{"start":{"line":27,"column":39},"end":{"line":27,"column":67}},"16":{"start":{"line":30,"column":2},"end":{"line":30,"column":67}},"17":{"start":{"line":31,"column":2},"end":{"line":31,"column":null}},"18":{"start":{"line":32,"column":2},"end":{"line":32,"column":null}},"19":{"start":{"line":34,"column":2},"end":{"line":34,"column":null}},"20":{"start":{"line":35,"column":2},"end":{"line":35,"column":25}},"21":{"start":{"line":42,"column":13},"end":{"line":42,"column":41}},"22":{"start":{"line":43,"column":15},"end":{"line":43,"column":24}},"23":{"start":{"line":44,"column":2},"end":{"line":44,"column":24}},"24":{"start":{"line":45,"column":2},"end":{"line":49,"column":5}},"25":{"start":{"line":46,"column":4},"end":{"line":46,"column":null}},"26":{"start":{"line":47,"column":4},"end":{"line":47,"column":30}},"27":{"start":{"line":48,"column":4},"end":{"line":48,"column":35}},"28":{"start":{"line":50,"column":2},"end":{"line":50,"column":null}},"29":{"start":{"line":54,"column":2},"end":{"line":63,"column":null}},"30":{"start":{"line":55,"column":30},"end":{"line":55,"column":58}},"31":{"start":{"line":57,"column":4},"end":{"line":59,"column":7}},"32":{"start":{"line":60,"column":4},"end":{"line":60,"column":46}},"33":{"start":{"line":62,"column":4},"end":{"line":62,"column":null}},"34":{"start":{"line":67,"column":14},"end":{"line":76,"column":4}},"35":{"start":{"line":67,"column":54},"end":{"line":76,"column":4}},"36":{"start":{"line":68,"column":14},"end":{"line":68,"column":24}},"37":{"start":{"line":70,"column":4},"end":{"line":70,"column":31}},"38":{"start":{"line":72,"column":4},"end":{"line":72,"column":null}},"39":{"start":{"line":73,"column":4},"end":{"line":73,"column":null}},"40":{"start":{"line":74,"column":4},"end":{"line":74,"column":null}},"41":{"start":{"line":77,"column":2},"end":{"line":77,"column":14}},"42":{"start":{"line":83,"column":20},"end":{"line":83,"column":22}},"43":{"start":{"line":85,"column":2},"end":{"line":92,"column":null}},"44":{"start":{"line":86,"column":23},"end":{"line":86,"column":39}},"45":{"start":{"line":87,"column":4},"end":{"line":91,"column":null}},"46":{"start":{"line":94,"column":2},"end":{"line":94,"column":null}}},"fnMap":{"0":{"name":"initApp","decl":{"start":{"line":16,"column":15},"end":{"line":16,"column":22}},"loc":{"start":{"line":16,"column":22},"end":{"line":39,"column":null}}},"1":{"name":"(anonymous_9)","decl":{"start":{"line":21,"column":45},"end":{"line":21,"column":null}},"loc":{"start":{"line":21,"column":45},"end":{"line":24,"column":3}}},"2":{"name":"setupWebSocket","decl":{"start":{"line":41,"column":9},"end":{"line":41,"column":23}},"loc":{"start":{"line":41,"column":30},"end":{"line":51,"column":1}}},"3":{"name":"(anonymous_11)","decl":{"start":{"line":45,"column":22},"end":{"line":45,"column":23}},"loc":{"start":{"line":45,"column":28},"end":{"line":49,"column":3}}},"4":{"name":"initDB","decl":{"start":{"line":53,"column":15},"end":{"line":53,"column":21}},"loc":{"start":{"line":53,"column":21},"end":{"line":64,"column":null}}},"5":{"name":"initCron","decl":{"start":{"line":66,"column":15},"end":{"line":66,"column":23}},"loc":{"start":{"line":66,"column":32},"end":{"line":78,"column":null}}},"6":{"name":"(anonymous_16)","decl":{"start":{"line":67,"column":43},"end":{"line":67,"column":52}},"loc":{"start":{"line":67,"column":54},"end":{"line":76,"column":4}}},"7":{"name":"(anonymous_17)","decl":{"start":{"line":67,"column":54},"end":{"line":67,"column":null}},"loc":{"start":{"line":67,"column":54},"end":{"line":76,"column":3}}},"8":{"name":"insertInSensor","decl":{"start":{"line":81,"column":15},"end":{"line":81,"column":29}},"loc":{"start":{"line":81,"column":38},"end":{"line":102,"column":null}}}},"branchMap":{},"s":{"0":1,"1":1,"2":1,"3":1,"4":1,"5":1,"6":1,"7":1,"8":1,"9":1,"10":1,"11":1,"12":1,"13":1,"14":1,"15":1,"16":1,"17":1,"18":1,"19":1,"20":1,"21":1,"22":1,"23":1,"24":1,"25":0,"26":0,"27":0,"28":1,"29":0,"30":0,"31":0,"32":0,"33":0,"34":0,"35":0,"36":0,"37":0,"38":0,"39":0,"40":0,"41":0,"42":0,"43":0,"44":0,"45":0,"46":0},"f":{"0":1,"1":1,"2":1,"3":0,"4":0,"5":0,"6":0,"7":0,"8":0},"b":{}}
,"/Applications/MAMP/htdocs/domopaque/src/controller/GoogleHome.controller.ts": {"path":"/Applications/MAMP/htdocs/domopaque/src/controller/GoogleHome.controller.ts","statementMap":{"0":{"start":{"line":1,"column":19},"end":{"line":1,"column":45}},"1":{"start":{"line":6,"column":4},"end":{"line":6,"column":null}},"2":{"start":{"line":7,"column":4},"end":{"line":7,"column":null}},"3":{"start":{"line":8,"column":4},"end":{"line":8,"column":null}},"4":{"start":{"line":11,"column":8},"end":{"line":11,"column":null}},"5":{"start":{"line":12,"column":8},"end":{"line":12,"column":null}},"6":{"start":{"line":13,"column":8},"end":{"line":16,"column":null}},"7":{"start":{"line":15,"column":16},"end":{"line":15,"column":null}},"8":{"start":{"line":20,"column":8},"end":{"line":22,"column":null}},"9":{"start":{"line":21,"column":12},"end":{"line":21,"column":null}},"10":{"start":{"line":23,"column":8},"end":{"line":23,"column":null}},"11":{"start":{"line":4,"column":0},"end":{"line":4,"column":21}}},"fnMap":{"0":{"name":"(anonymous_0)","decl":{"start":{"line":10,"column":4},"end":{"line":10,"column":null}},"loc":{"start":{"line":10,"column":4},"end":{"line":17,"column":5}}},"1":{"name":"(anonymous_1)","decl":{"start":{"line":14,"column":18},"end":{"line":14,"column":21}},"loc":{"start":{"line":14,"column":23},"end":{"line":16,"column":13}}},"2":{"name":"(anonymous_2)","decl":{"start":{"line":19,"column":4},"end":{"line":19,"column":9}},"loc":{"start":{"line":19,"column":26},"end":{"line":24,"column":5}}}},"branchMap":{"0":{"loc":{"start":{"line":19,"column":22},"end":{"line":19,"column":26}},"type":"default-arg","locations":[{"start":{"line":19,"column":22},"end":{"line":19,"column":26}}]},"1":{"loc":{"start":{"line":20,"column":8},"end":{"line":22,"column":null}},"type":"if","locations":[{"start":{"line":20,"column":8},"end":{"line":22,"column":null}},{"start":{"line":20,"column":8},"end":{"line":22,"column":null}}]}},"s":{"0":1,"1":0,"2":0,"3":0,"4":0,"5":0,"6":0,"7":0,"8":0,"9":0,"10":0,"11":1},"f":{"0":0,"1":0,"2":0},"b":{"0":[0],"1":[0,0]}}
,"/Applications/MAMP/htdocs/domopaque/src/controller/actuator.controller.ts": {"path":"/Applications/MAMP/htdocs/domopaque/src/controller/actuator.controller.ts","statementMap":{"0":{"start":{"line":1,"column":0},"end":{"line":1,"column":34}},"1":{"start":{"line":2,"column":0},"end":{"line":2,"column":57}},"2":{"start":{"line":4,"column":0},"end":{"line":4,"column":46}},"3":{"start":{"line":9,"column":4},"end":{"line":9,"column":null}},"4":{"start":{"line":10,"column":4},"end":{"line":10,"column":21}},"5":{"start":{"line":11,"column":4},"end":{"line":11,"column":null}},"6":{"start":{"line":12,"column":4},"end":{"line":12,"column":null}},"7":{"start":{"line":13,"column":4},"end":{"line":13,"column":null}},"8":{"start":{"line":17,"column":25},"end":{"line":22,"column":null}},"9":{"start":{"line":23,"column":4},"end":{"line":23,"column":16}},"10":{"start":{"line":27,"column":14},"end":{"line":27,"column":76}},"11":{"start":{"line":28,"column":18},"end":{"line":28,"column":87}},"12":{"start":{"line":29,"column":4},"end":{"line":29,"column":null}},"13":{"start":{"line":33,"column":14},"end":{"line":33,"column":76}},"14":{"start":{"line":34,"column":18},"end":{"line":43,"column":48}},"15":{"start":{"line":47,"column":4},"end":{"line":47,"column":null}},"16":{"start":{"line":48,"column":4},"end":{"line":48,"column":null}},"17":{"start":{"line":53,"column":0},"end":{"line":53,"column":34}}},"fnMap":{"0":{"name":"(anonymous_7)","decl":{"start":{"line":8,"column":2},"end":{"line":8,"column":14}},"loc":{"start":{"line":8,"column":28},"end":{"line":14,"column":3}}},"1":{"name":"(anonymous_8)","decl":{"start":{"line":16,"column":2},"end":{"line":16,"column":9}},"loc":{"start":{"line":16,"column":9},"end":{"line":24,"column":3}}},"2":{"name":"(anonymous_9)","decl":{"start":{"line":26,"column":8},"end":{"line":26,"column":15}},"loc":{"start":{"line":26,"column":15},"end":{"line":30,"column":null}}},"3":{"name":"(anonymous_11)","decl":{"start":{"line":32,"column":8},"end":{"line":32,"column":16}},"loc":{"start":{"line":32,"column":20},"end":{"line":44,"column":null}}},"4":{"name":"(anonymous_13)","decl":{"start":{"line":46,"column":8},"end":{"line":46,"column":14}},"loc":{"start":{"line":46,"column":14},"end":{"line":49,"column":null}}}},"branchMap":{},"s":{"0":1,"1":1,"2":1,"3":1,"4":1,"5":1,"6":1,"7":1,"8":1,"9":1,"10":0,"11":0,"12":0,"13":0,"14":0,"15":0,"16":0,"17":1},"f":{"0":1,"1":1,"2":0,"3":0,"4":0},"b":{}}
,"/Applications/MAMP/htdocs/domopaque/src/controller/base.controller.ts": {"path":"/Applications/MAMP/htdocs/domopaque/src/controller/base.controller.ts","statementMap":{"0":{"start":{"line":12,"column":4},"end":{"line":12,"column":22}},"1":{"start":{"line":16,"column":6},"end":{"line":16,"column":null}},"2":{"start":{"line":20,"column":4},"end":{"line":20,"column":21}},"3":{"start":{"line":24,"column":6},"end":{"line":24,"column":null}},"4":{"start":{"line":28,"column":4},"end":{"line":28,"column":25}},"5":{"start":{"line":32,"column":6},"end":{"line":32,"column":null}},"6":{"start":{"line":36,"column":4},"end":{"line":36,"column":null}},"7":{"start":{"line":40,"column":4},"end":{"line":40,"column":null}},"8":{"start":{"line":44,"column":4},"end":{"line":44,"column":null}},"9":{"start":{"line":48,"column":4},"end":{"line":48,"column":null}},"10":{"start":{"line":52,"column":4},"end":{"line":52,"column":null}},"11":{"start":{"line":56,"column":4},"end":{"line":56,"column":null}},"12":{"start":{"line":60,"column":0},"end":{"line":60,"column":null}}},"fnMap":{"0":{"name":"(anonymous_0)","decl":{"start":{"line":11,"column":2},"end":{"line":11,"column":6}},"loc":{"start":{"line":11,"column":15},"end":{"line":13,"column":3}}},"1":{"name":"(anonymous_1)","decl":{"start":{"line":15,"column":2},"end":{"line":15,"column":6}},"loc":{"start":{"line":15,"column":11},"end":{"line":17,"column":3}}},"2":{"name":"(anonymous_2)","decl":{"start":{"line":19,"column":2},"end":{"line":19,"column":6}},"loc":{"start":{"line":19,"column":14},"end":{"line":21,"column":3}}},"3":{"name":"(anonymous_3)","decl":{"start":{"line":23,"column":2},"end":{"line":23,"column":6}},"loc":{"start":{"line":23,"column":10},"end":{"line":25,"column":3}}},"4":{"name":"(anonymous_4)","decl":{"start":{"line":27,"column":2},"end":{"line":27,"column":6}},"loc":{"start":{"line":27,"column":18},"end":{"line":29,"column":3}}},"5":{"name":"(anonymous_5)","decl":{"start":{"line":31,"column":2},"end":{"line":31,"column":6}},"loc":{"start":{"line":31,"column":14},"end":{"line":33,"column":3}}},"6":{"name":"(anonymous_6)","decl":{"start":{"line":35,"column":2},"end":{"line":35,"column":6}},"loc":{"start":{"line":35,"column":10},"end":{"line":37,"column":3}}},"7":{"name":"(anonymous_7)","decl":{"start":{"line":39,"column":2},"end":{"line":39,"column":6}},"loc":{"start":{"line":39,"column":14},"end":{"line":41,"column":3}}},"8":{"name":"(anonymous_8)","decl":{"start":{"line":43,"column":2},"end":{"line":43,"column":6}},"loc":{"start":{"line":43,"column":10},"end":{"line":45,"column":3}}},"9":{"name":"(anonymous_9)","decl":{"start":{"line":47,"column":2},"end":{"line":47,"column":6}},"loc":{"start":{"line":47,"column":16},"end":{"line":49,"column":3}}},"10":{"name":"(anonymous_10)","decl":{"start":{"line":51,"column":2},"end":{"line":51,"column":6}},"loc":{"start":{"line":51,"column":15},"end":{"line":53,"column":3}}},"11":{"name":"(anonymous_11)","decl":{"start":{"line":55,"column":2},"end":{"line":55,"column":6}},"loc":{"start":{"line":55,"column":19},"end":{"line":57,"column":3}}}},"branchMap":{},"s":{"0":8,"1":9,"2":8,"3":9,"4":2,"5":0,"6":0,"7":2,"8":20,"9":7,"10":0,"11":0,"12":1},"f":{"0":8,"1":9,"2":8,"3":9,"4":2,"5":0,"6":0,"7":2,"8":20,"9":7,"10":0,"11":0},"b":{}}
,"/Applications/MAMP/htdocs/domopaque/src/controller/device.controller.ts": {"path":"/Applications/MAMP/htdocs/domopaque/src/controller/device.controller.ts","statementMap":{"0":{"start":{"line":3,"column":0},"end":{"line":3,"column":51}},"1":{"start":{"line":4,"column":0},"end":{"line":4,"column":55}},"2":{"start":{"line":8,"column":10},"end":{"line":8,"column":29}},"3":{"start":{"line":9,"column":10},"end":{"line":9,"column":29}},"4":{"start":{"line":10,"column":10},"end":{"line":10,"column":27}},"5":{"start":{"line":11,"column":10},"end":{"line":11,"column":34}},"6":{"start":{"line":12,"column":10},"end":{"line":12,"column":null}},"7":{"start":{"line":18,"column":4},"end":{"line":18,"column":35}},"8":{"start":{"line":19,"column":4},"end":{"line":19,"column":33}},"9":{"start":{"line":20,"column":4},"end":{"line":20,"column":55}},"10":{"start":{"line":21,"column":4},"end":{"line":21,"column":29}},"11":{"start":{"line":22,"column":4},"end":{"line":22,"column":null}},"12":{"start":{"line":23,"column":4},"end":{"line":23,"column":null}},"13":{"start":{"line":24,"column":4},"end":{"line":24,"column":null}},"14":{"start":{"line":28,"column":23},"end":{"line":34,"column":null}},"15":{"start":{"line":32,"column":65},"end":{"line":32,"column":99}},"16":{"start":{"line":33,"column":71},"end":{"line":33,"column":107}},"17":{"start":{"line":36,"column":4},"end":{"line":36,"column":null}},"18":{"start":{"line":38,"column":4},"end":{"line":38,"column":null}},"19":{"start":{"line":42,"column":4},"end":{"line":47,"column":null}},"20":{"start":{"line":43,"column":6},"end":{"line":46,"column":null}},"21":{"start":{"line":44,"column":31},"end":{"line":44,"column":75}},"22":{"start":{"line":45,"column":8},"end":{"line":45,"column":null}},"23":{"start":{"line":51,"column":4},"end":{"line":56,"column":null}},"24":{"start":{"line":52,"column":6},"end":{"line":55,"column":null}},"25":{"start":{"line":53,"column":34},"end":{"line":53,"column":82}},"26":{"start":{"line":54,"column":8},"end":{"line":54,"column":null}},"27":{"start":{"line":60,"column":20},"end":{"line":60,"column":111}},"28":{"start":{"line":60,"column":74},"end":{"line":60,"column":110}},"29":{"start":{"line":61,"column":4},"end":{"line":61,"column":65}},"30":{"start":{"line":61,"column":41},"end":{"line":61,"column":63}},"31":{"start":{"line":65,"column":6},"end":{"line":65,"column":35}},"32":{"start":{"line":66,"column":6},"end":{"line":66,"column":null}},"33":{"start":{"line":67,"column":6},"end":{"line":67,"column":null}},"34":{"start":{"line":71,"column":6},"end":{"line":71,"column":38}},"35":{"start":{"line":75,"column":6},"end":{"line":75,"column":31}},"36":{"start":{"line":79,"column":6},"end":{"line":79,"column":36}},"37":{"start":{"line":83,"column":6},"end":{"line":83,"column":30}},"38":{"start":{"line":87,"column":6},"end":{"line":87,"column":54}},"39":{"start":{"line":91,"column":6},"end":{"line":91,"column":39}},"40":{"start":{"line":95,"column":6},"end":{"line":95,"column":50}},"41":{"start":{"line":99,"column":6},"end":{"line":99,"column":37}},"42":{"start":{"line":103,"column":4},"end":{"line":103,"column":null}},"43":{"start":{"line":107,"column":4},"end":{"line":107,"column":null}},"44":{"start":{"line":111,"column":4},"end":{"line":111,"column":null}},"45":{"start":{"line":115,"column":4},"end":{"line":115,"column":null}},"46":{"start":{"line":119,"column":4},"end":{"line":119,"column":null}},"47":{"start":{"line":123,"column":4},"end":{"line":123,"column":null}},"48":{"start":{"line":127,"column":0},"end":{"line":127,"column":32}}},"fnMap":{"0":{"name":"(anonymous_0)","decl":{"start":{"line":17,"column":2},"end":{"line":17,"column":14}},"loc":{"start":{"line":17,"column":37},"end":{"line":25,"column":3}}},"1":{"name":"(anonymous_1)","decl":{"start":{"line":27,"column":2},"end":{"line":27,"column":9}},"loc":{"start":{"line":27,"column":9},"end":{"line":39,"column":3}}},"2":{"name":"(anonymous_2)","decl":{"start":{"line":32,"column":42},"end":{"line":32,"column":43}},"loc":{"start":{"line":32,"column":63},"end":{"line":32,"column":99}}},"3":{"name":"(anonymous_3)","decl":{"start":{"line":33,"column":46},"end":{"line":33,"column":47}},"loc":{"start":{"line":33,"column":69},"end":{"line":33,"column":107}}},"4":{"name":"(anonymous_4)","decl":{"start":{"line":41,"column":2},"end":{"line":41,"column":12}},"loc":{"start":{"line":41,"column":12},"end":{"line":48,"column":3}}},"5":{"name":"(anonymous_5)","decl":{"start":{"line":43,"column":59},"end":{"line":43,"column":60}},"loc":{"start":{"line":43,"column":70},"end":{"line":46,"column":7}}},"6":{"name":"(anonymous_6)","decl":{"start":{"line":50,"column":2},"end":{"line":50,"column":14}},"loc":{"start":{"line":50,"column":14},"end":{"line":57,"column":3}}},"7":{"name":"(anonymous_7)","decl":{"start":{"line":52,"column":63},"end":{"line":52,"column":64}},"loc":{"start":{"line":52,"column":76},"end":{"line":55,"column":7}}},"8":{"name":"(anonymous_8)","decl":{"start":{"line":59,"column":2},"end":{"line":59,"column":19}},"loc":{"start":{"line":59,"column":24},"end":{"line":62,"column":3}}},"9":{"name":"(anonymous_9)","decl":{"start":{"line":60,"column":49},"end":{"line":60,"column":50}},"loc":{"start":{"line":60,"column":72},"end":{"line":60,"column":110}}},"10":{"name":"(anonymous_10)","decl":{"start":{"line":61,"column":26},"end":{"line":61,"column":27}},"loc":{"start":{"line":61,"column":39},"end":{"line":61,"column":63}}},"11":{"name":"(anonymous_11)","decl":{"start":{"line":64,"column":2},"end":{"line":64,"column":9}},"loc":{"start":{"line":64,"column":20},"end":{"line":68,"column":3}}},"12":{"name":"(anonymous_12)","decl":{"start":{"line":70,"column":2},"end":{"line":70,"column":6}},"loc":{"start":{"line":70,"column":29},"end":{"line":72,"column":3}}},"13":{"name":"(anonymous_13)","decl":{"start":{"line":74,"column":2},"end":{"line":74,"column":6}},"loc":{"start":{"line":74,"column":17},"end":{"line":76,"column":3}}},"14":{"name":"(anonymous_14)","decl":{"start":{"line":78,"column":2},"end":{"line":78,"column":6}},"loc":{"start":{"line":78,"column":27},"end":{"line":80,"column":3}}},"15":{"name":"(anonymous_15)","decl":{"start":{"line":82,"column":2},"end":{"line":82,"column":6}},"loc":{"start":{"line":82,"column":16},"end":{"line":84,"column":3}}},"16":{"name":"(anonymous_16)","decl":{"start":{"line":86,"column":2},"end":{"line":86,"column":6}},"loc":{"start":{"line":86,"column":45},"end":{"line":88,"column":3}}},"17":{"name":"(anonymous_17)","decl":{"start":{"line":90,"column":2},"end":{"line":90,"column":6}},"loc":{"start":{"line":90,"column":25},"end":{"line":92,"column":3}}},"18":{"name":"(anonymous_18)","decl":{"start":{"line":94,"column":2},"end":{"line":94,"column":6}},"loc":{"start":{"line":94,"column":41},"end":{"line":96,"column":3}}},"19":{"name":"(anonymous_19)","decl":{"start":{"line":98,"column":2},"end":{"line":98,"column":6}},"loc":{"start":{"line":98,"column":23},"end":{"line":100,"column":3}}},"20":{"name":"(anonymous_20)","decl":{"start":{"line":102,"column":2},"end":{"line":102,"column":6}},"loc":{"start":{"line":102,"column":10},"end":{"line":104,"column":3}}},"21":{"name":"(anonymous_21)","decl":{"start":{"line":106,"column":2},"end":{"line":106,"column":6}},"loc":{"start":{"line":106,"column":16},"end":{"line":108,"column":3}}},"22":{"name":"(anonymous_22)","decl":{"start":{"line":110,"column":2},"end":{"line":110,"column":6}},"loc":{"start":{"line":110,"column":10},"end":{"line":112,"column":3}}},"23":{"name":"(anonymous_23)","decl":{"start":{"line":114,"column":2},"end":{"line":114,"column":6}},"loc":{"start":{"line":114,"column":16},"end":{"line":116,"column":3}}},"24":{"name":"(anonymous_24)","decl":{"start":{"line":118,"column":2},"end":{"line":118,"column":6}},"loc":{"start":{"line":118,"column":8},"end":{"line":120,"column":3}}},"25":{"name":"(anonymous_25)","decl":{"start":{"line":122,"column":2},"end":{"line":122,"column":6}},"loc":{"start":{"line":122,"column":14},"end":{"line":124,"column":3}}}},"branchMap":{"0":{"loc":{"start":{"line":22,"column":4},"end":{"line":22,"column":20}},"type":"binary-expr","locations":[{"start":{"line":22,"column":4},"end":{"line":22,"column":20}},{"start":{"line":22,"column":25},"end":{"line":22,"column":54}}]},"1":{"loc":{"start":{"line":36,"column":4},"end":{"line":36,"column":14}},"type":"binary-expr","locations":[{"start":{"line":36,"column":4},"end":{"line":36,"column":14}},{"start":{"line":36,"column":19},"end":{"line":36,"column":42}}]},"2":{"loc":{"start":{"line":42,"column":4},"end":{"line":47,"column":null}},"type":"if","locations":[{"start":{"line":42,"column":4},"end":{"line":47,"column":null}},{"start":{"line":42,"column":4},"end":{"line":47,"column":null}}]},"3":{"loc":{"start":{"line":42,"column":8},"end":{"line":42,"column":31}},"type":"binary-expr","locations":[{"start":{"line":42,"column":8},"end":{"line":42,"column":31}},{"start":{"line":42,"column":35},"end":{"line":42,"column":69}}]},"4":{"loc":{"start":{"line":51,"column":4},"end":{"line":56,"column":null}},"type":"if","locations":[{"start":{"line":51,"column":4},"end":{"line":56,"column":null}},{"start":{"line":51,"column":4},"end":{"line":56,"column":null}}]},"5":{"loc":{"start":{"line":51,"column":8},"end":{"line":51,"column":33}},"type":"binary-expr","locations":[{"start":{"line":51,"column":8},"end":{"line":51,"column":33}},{"start":{"line":51,"column":37},"end":{"line":51,"column":73}}]}},"s":{"0":1,"1":1,"2":3,"3":3,"4":3,"5":3,"6":3,"7":3,"8":3,"9":3,"10":3,"11":3,"12":3,"13":3,"14":10,"15":8,"16":1,"17":10,"18":10,"19":3,"20":2,"21":6,"22":6,"23":3,"24":1,"25":1,"26":1,"27":0,"28":0,"29":0,"30":0,"31":0,"32":0,"33":0,"34":3,"35":0,"36":3,"37":13,"38":1,"39":16,"40":2,"41":16,"42":10,"43":3,"44":10,"45":0,"46":10,"47":3,"48":1},"f":{"0":3,"1":10,"2":8,"3":1,"4":3,"5":6,"6":3,"7":1,"8":0,"9":0,"10":0,"11":0,"12":3,"13":0,"14":3,"15":13,"16":1,"17":16,"18":2,"19":16,"20":10,"21":3,"22":10,"23":0,"24":10,"25":3},"b":{"0":[3,1],"1":[10,1],"2":[2,1],"3":[3,2],"4":[1,2],"5":[3,2]}}
,"/Applications/MAMP/htdocs/domopaque/src/controller/environment.controller.ts": {"path":"/Applications/MAMP/htdocs/domopaque/src/controller/environment.controller.ts","statementMap":{"0":{"start":{"line":4,"column":0},"end":{"line":4,"column":50}},"1":{"start":{"line":6,"column":0},"end":{"line":6,"column":71}},"2":{"start":{"line":8,"column":0},"end":{"line":8,"column":34}},"3":{"start":{"line":9,"column":0},"end":{"line":9,"column":69}},"4":{"start":{"line":13,"column":2},"end":{"line":13,"column":null}},"5":{"start":{"line":22,"column":10},"end":{"line":22,"column":33}},"6":{"start":{"line":23,"column":10},"end":{"line":23,"column":34}},"7":{"start":{"line":24,"column":10},"end":{"line":24,"column":null}},"8":{"start":{"line":28,"column":4},"end":{"line":31,"column":null}},"9":{"start":{"line":32,"column":4},"end":{"line":33,"column":null}},"10":{"start":{"line":37,"column":4},"end":{"line":68,"column":null}},"11":{"start":{"line":38,"column":16},"end":{"line":38,"column":56}},"12":{"start":{"line":39,"column":23},"end":{"line":39,"column":43}},"13":{"start":{"line":41,"column":17},"end":{"line":41,"column":118}},"14":{"start":{"line":42,"column":23},"end":{"line":42,"column":33}},"15":{"start":{"line":44,"column":6},"end":{"line":54,"column":null}},"16":{"start":{"line":45,"column":8},"end":{"line":53,"column":null}},"17":{"start":{"line":56,"column":6},"end":{"line":65,"column":null}},"18":{"start":{"line":57,"column":48},"end":{"line":57,"column":102}},"19":{"start":{"line":58,"column":8},"end":{"line":58,"column":62}},"20":{"start":{"line":59,"column":28},"end":{"line":59,"column":72}},"21":{"start":{"line":60,"column":8},"end":{"line":60,"column":null}},"22":{"start":{"line":62,"column":8},"end":{"line":62,"column":null}},"23":{"start":{"line":63,"column":18},"end":{"line":63,"column":85}},"24":{"start":{"line":63,"column":49},"end":{"line":63,"column":63}},"25":{"start":{"line":64,"column":8},"end":{"line":64,"column":null}},"26":{"start":{"line":72,"column":4},"end":{"line":72,"column":null}},"27":{"start":{"line":73,"column":4},"end":{"line":76,"column":null}},"28":{"start":{"line":74,"column":31},"end":{"line":74,"column":70}},"29":{"start":{"line":75,"column":6},"end":{"line":75,"column":null}},"30":{"start":{"line":82,"column":28},"end":{"line":90,"column":null}},"31":{"start":{"line":92,"column":4},"end":{"line":92,"column":null}},"32":{"start":{"line":96,"column":4},"end":{"line":96,"column":null}},"33":{"start":{"line":100,"column":4},"end":{"line":100,"column":25}},"34":{"start":{"line":104,"column":4},"end":{"line":104,"column":null}},"35":{"start":{"line":108,"column":4},"end":{"line":108,"column":35}},"36":{"start":{"line":112,"column":4},"end":{"line":112,"column":null}},"37":{"start":{"line":116,"column":4},"end":{"line":116,"column":44}},"38":{"start":{"line":120,"column":4},"end":{"line":120,"column":null}},"39":{"start":{"line":11,"column":0},"end":{"line":11,"column":21}}},"fnMap":{"0":{"name":"(anonymous_7)","decl":{"start":{"line":27,"column":1},"end":{"line":27,"column":13}},"loc":{"start":{"line":27,"column":24},"end":{"line":34,"column":3}}},"1":{"name":"(anonymous_8)","decl":{"start":{"line":36,"column":8},"end":{"line":36,"column":21}},"loc":{"start":{"line":36,"column":21},"end":{"line":69,"column":null}}},"2":{"name":"(anonymous_10)","decl":{"start":{"line":63,"column":35},"end":{"line":63,"column":44}},"loc":{"start":{"line":63,"column":45},"end":{"line":63,"column":64}}},"3":{"name":"(anonymous_11)","decl":{"start":{"line":71,"column":8},"end":{"line":71,"column":30}},"loc":{"start":{"line":71,"column":30},"end":{"line":77,"column":null}}},"4":{"name":"(anonymous_13)","decl":{"start":{"line":80,"column":7},"end":{"line":80,"column":14}},"loc":{"start":{"line":80,"column":14},"end":{"line":93,"column":null}}},"5":{"name":"(anonymous_15)","decl":{"start":{"line":95,"column":8},"end":{"line":95,"column":15}},"loc":{"start":{"line":95,"column":15},"end":{"line":97,"column":null}}},"6":{"name":"(anonymous_17)","decl":{"start":{"line":99,"column":2},"end":{"line":99,"column":6}},"loc":{"start":{"line":99,"column":13},"end":{"line":101,"column":3}}},"7":{"name":"(anonymous_18)","decl":{"start":{"line":103,"column":2},"end":{"line":103,"column":6}},"loc":{"start":{"line":103,"column":20},"end":{"line":105,"column":3}}},"8":{"name":"(anonymous_19)","decl":{"start":{"line":107,"column":2},"end":{"line":107,"column":6}},"loc":{"start":{"line":107,"column":23},"end":{"line":109,"column":3}}},"9":{"name":"(anonymous_20)","decl":{"start":{"line":111,"column":2},"end":{"line":111,"column":6}},"loc":{"start":{"line":111,"column":41},"end":{"line":113,"column":3}}},"10":{"name":"(anonymous_21)","decl":{"start":{"line":115,"column":2},"end":{"line":115,"column":6}},"loc":{"start":{"line":115,"column":32},"end":{"line":117,"column":3}}},"11":{"name":"(anonymous_22)","decl":{"start":{"line":119,"column":2},"end":{"line":119,"column":6}},"loc":{"start":{"line":119,"column":59},"end":{"line":121,"column":3}}}},"branchMap":{"0":{"loc":{"start":{"line":33,"column":104},"end":{"line":33,"column":143}},"type":"cond-expr","locations":[{"start":{"line":33,"column":104},"end":{"line":33,"column":143}},{"start":{"line":33,"column":146},"end":{"line":33,"column":148}}]},"1":{"loc":{"start":{"line":33,"column":28},"end":{"line":33,"column":57}},"type":"binary-expr","locations":[{"start":{"line":33,"column":28},"end":{"line":33,"column":57}},{"start":{"line":33,"column":61},"end":{"line":33,"column":100}}]},"2":{"loc":{"start":{"line":44,"column":6},"end":{"line":54,"column":null}},"type":"if","locations":[{"start":{"line":44,"column":6},"end":{"line":54,"column":null}},{"start":{"line":44,"column":6},"end":{"line":54,"column":null}}]},"3":{"loc":{"start":{"line":56,"column":6},"end":{"line":65,"column":null}},"type":"if","locations":[{"start":{"line":56,"column":6},"end":{"line":65,"column":null}},{"start":{"line":56,"column":6},"end":{"line":65,"column":null}}]}},"s":{"0":1,"1":1,"2":1,"3":1,"4":3,"5":3,"6":3,"7":3,"8":3,"9":3,"10":3,"11":3,"12":3,"13":3,"14":3,"15":3,"16":1,"17":3,"18":3,"19":3,"20":3,"21":3,"22":0,"23":0,"24":0,"25":0,"26":3,"27":3,"28":1,"29":1,"30":6,"31":6,"32":0,"33":9,"34":0,"35":21,"36":0,"37":7,"38":3,"39":1},"f":{"0":3,"1":3,"2":0,"3":3,"4":6,"5":0,"6":9,"7":0,"8":21,"9":0,"10":7,"11":3},"b":{"0":[1,2],"1":[3,1],"2":[1,2],"3":[3,0]}}
,"/Applications/MAMP/htdocs/domopaque/src/controller/home.controller.ts": {"path":"/Applications/MAMP/htdocs/domopaque/src/controller/home.controller.ts","statementMap":{"0":{"start":{"line":3,"column":0},"end":{"line":3,"column":60}},"1":{"start":{"line":18,"column":10},"end":{"line":18,"column":null}},"2":{"start":{"line":19,"column":10},"end":{"line":19,"column":null}},"3":{"start":{"line":20,"column":10},"end":{"line":20,"column":null}},"4":{"start":{"line":21,"column":10},"end":{"line":21,"column":null}},"5":{"start":{"line":24,"column":4},"end":{"line":24,"column":null}},"6":{"start":{"line":28,"column":4},"end":{"line":30,"column":null}},"7":{"start":{"line":29,"column":6},"end":{"line":29,"column":53}},"8":{"start":{"line":32,"column":4},"end":{"line":32,"column":35}},"9":{"start":{"line":36,"column":4},"end":{"line":36,"column":null}},"10":{"start":{"line":37,"column":4},"end":{"line":37,"column":null}},"11":{"start":{"line":38,"column":4},"end":{"line":49,"column":null}},"12":{"start":{"line":39,"column":34},"end":{"line":39,"column":72}},"13":{"start":{"line":40,"column":6},"end":{"line":40,"column":null}},"14":{"start":{"line":41,"column":6},"end":{"line":41,"column":null}},"15":{"start":{"line":42,"column":6},"end":{"line":42,"column":null}},"16":{"start":{"line":43,"column":17},"end":{"line":43,"column":54}},"17":{"start":{"line":44,"column":6},"end":{"line":44,"column":null}},"18":{"start":{"line":46,"column":6},"end":{"line":46,"column":null}},"19":{"start":{"line":47,"column":6},"end":{"line":47,"column":null}},"20":{"start":{"line":53,"column":4},"end":{"line":53,"column":null}},"21":{"start":{"line":54,"column":4},"end":{"line":54,"column":27}},"22":{"start":{"line":59,"column":4},"end":{"line":59,"column":24}},"23":{"start":{"line":61,"column":4},"end":{"line":66,"column":null}},"24":{"start":{"line":62,"column":30},"end":{"line":62,"column":82}},"25":{"start":{"line":63,"column":6},"end":{"line":65,"column":null}},"26":{"start":{"line":64,"column":8},"end":{"line":64,"column":92}},"27":{"start":{"line":68,"column":4},"end":{"line":68,"column":26}},"28":{"start":{"line":72,"column":4},"end":{"line":72,"column":22}},"29":{"start":{"line":74,"column":4},"end":{"line":79,"column":null}},"30":{"start":{"line":75,"column":30},"end":{"line":75,"column":82}},"31":{"start":{"line":76,"column":6},"end":{"line":78,"column":null}},"32":{"start":{"line":77,"column":8},"end":{"line":77,"column":86}},"33":{"start":{"line":81,"column":4},"end":{"line":81,"column":24}},"34":{"start":{"line":86,"column":4},"end":{"line":86,"column":null}},"35":{"start":{"line":88,"column":29},"end":{"line":88,"column":95}},"36":{"start":{"line":88,"column":65},"end":{"line":88,"column":94}},"37":{"start":{"line":89,"column":4},"end":{"line":89,"column":39}},"38":{"start":{"line":91,"column":4},"end":{"line":91,"column":null}},"39":{"start":{"line":95,"column":4},"end":{"line":95,"column":31}},"40":{"start":{"line":97,"column":4},"end":{"line":99,"column":null}},"41":{"start":{"line":98,"column":6},"end":{"line":98,"column":null}},"42":{"start":{"line":103,"column":4},"end":{"line":103,"column":null}},"43":{"start":{"line":104,"column":29},"end":{"line":104,"column":102}},"44":{"start":{"line":104,"column":72},"end":{"line":104,"column":101}},"45":{"start":{"line":105,"column":4},"end":{"line":105,"column":null}},"46":{"start":{"line":109,"column":4},"end":{"line":116,"column":null}},"47":{"start":{"line":110,"column":6},"end":{"line":110,"column":66}},"48":{"start":{"line":121,"column":23},"end":{"line":121,"column":40}},"49":{"start":{"line":122,"column":4},"end":{"line":122,"column":31}},"50":{"start":{"line":126,"column":15},"end":{"line":126,"column":30}},"51":{"start":{"line":127,"column":32},"end":{"line":127,"column":65}},"52":{"start":{"line":128,"column":4},"end":{"line":134,"column":null}},"53":{"start":{"line":129,"column":6},"end":{"line":129,"column":null}},"54":{"start":{"line":130,"column":17},"end":{"line":130,"column":54}},"55":{"start":{"line":131,"column":6},"end":{"line":131,"column":33}},"56":{"start":{"line":133,"column":6},"end":{"line":133,"column":60}},"57":{"start":{"line":138,"column":4},"end":{"line":138,"column":44}},"58":{"start":{"line":142,"column":4},"end":{"line":147,"column":null}},"59":{"start":{"line":143,"column":6},"end":{"line":143,"column":null}},"60":{"start":{"line":144,"column":6},"end":{"line":144,"column":42}},"61":{"start":{"line":146,"column":6},"end":{"line":146,"column":42}},"62":{"start":{"line":152,"column":4},"end":{"line":152,"column":29}},"63":{"start":{"line":156,"column":20},"end":{"line":158,"column":6}},"64":{"start":{"line":157,"column":6},"end":{"line":157,"column":null}},"65":{"start":{"line":159,"column":4},"end":{"line":159,"column":36}},"66":{"start":{"line":163,"column":19},"end":{"line":163,"column":61}},"67":{"start":{"line":164,"column":4},"end":{"line":164,"column":35}},"68":{"start":{"line":168,"column":19},"end":{"line":168,"column":59}},"69":{"start":{"line":169,"column":4},"end":{"line":169,"column":null}},"70":{"start":{"line":170,"column":4},"end":{"line":170,"column":null}},"71":{"start":{"line":171,"column":4},"end":{"line":171,"column":81}},"72":{"start":{"line":172,"column":4},"end":{"line":172,"column":45}},"73":{"start":{"line":176,"column":19},"end":{"line":176,"column":68}},"74":{"start":{"line":177,"column":4},"end":{"line":177,"column":45}},"75":{"start":{"line":182,"column":19},"end":{"line":182,"column":60}},"76":{"start":{"line":183,"column":4},"end":{"line":183,"column":null}},"77":{"start":{"line":184,"column":4},"end":{"line":184,"column":45}},"78":{"start":{"line":189,"column":19},"end":{"line":189,"column":60}},"79":{"start":{"line":190,"column":4},"end":{"line":190,"column":null}},"80":{"start":{"line":191,"column":4},"end":{"line":191,"column":45}},"81":{"start":{"line":196,"column":4},"end":{"line":196,"column":null}},"82":{"start":{"line":200,"column":4},"end":{"line":200,"column":null}},"83":{"start":{"line":204,"column":4},"end":{"line":204,"column":null}},"84":{"start":{"line":208,"column":4},"end":{"line":208,"column":null}},"85":{"start":{"line":212,"column":4},"end":{"line":212,"column":30}},"86":{"start":{"line":216,"column":4},"end":{"line":216,"column":null}},"87":{"start":{"line":220,"column":4},"end":{"line":220,"column":25}},"88":{"start":{"line":224,"column":4},"end":{"line":224,"column":null}},"89":{"start":{"line":228,"column":4},"end":{"line":228,"column":null}},"90":{"start":{"line":232,"column":4},"end":{"line":232,"column":null}},"91":{"start":{"line":236,"column":4},"end":{"line":236,"column":26}},"92":{"start":{"line":240,"column":4},"end":{"line":240,"column":null}},"93":{"start":{"line":244,"column":4},"end":{"line":244,"column":33}},"94":{"start":{"line":249,"column":0},"end":{"line":249,"column":30}}},"fnMap":{"0":{"name":"(anonymous_7)","decl":{"start":{"line":23,"column":2},"end":{"line":23,"column":null}},"loc":{"start":{"line":23,"column":2},"end":{"line":25,"column":3}}},"1":{"name":"(anonymous_8)","decl":{"start":{"line":27,"column":9},"end":{"line":27,"column":15}},"loc":{"start":{"line":27,"column":27},"end":{"line":33,"column":1}}},"2":{"name":"(anonymous_9)","decl":{"start":{"line":35,"column":8},"end":{"line":35,"column":14}},"loc":{"start":{"line":35,"column":27},"end":{"line":50,"column":null}}},"3":{"name":"(anonymous_11)","decl":{"start":{"line":52,"column":2},"end":{"line":52,"column":7}},"loc":{"start":{"line":52,"column":7},"end":{"line":55,"column":3}}},"4":{"name":"(anonymous_12)","decl":{"start":{"line":57,"column":2},"end":{"line":57,"column":15}},"loc":{"start":{"line":57,"column":15},"end":{"line":69,"column":3}}},"5":{"name":"(anonymous_13)","decl":{"start":{"line":61,"column":53},"end":{"line":61,"column":54}},"loc":{"start":{"line":61,"column":61},"end":{"line":66,"column":5}}},"6":{"name":"(anonymous_14)","decl":{"start":{"line":63,"column":45},"end":{"line":63,"column":46}},"loc":{"start":{"line":63,"column":54},"end":{"line":65,"column":7}}},"7":{"name":"(anonymous_15)","decl":{"start":{"line":71,"column":8},"end":{"line":71,"column":19}},"loc":{"start":{"line":71,"column":19},"end":{"line":82,"column":null}}},"8":{"name":"(anonymous_17)","decl":{"start":{"line":74,"column":53},"end":{"line":74,"column":54}},"loc":{"start":{"line":74,"column":61},"end":{"line":79,"column":5}}},"9":{"name":"(anonymous_18)","decl":{"start":{"line":76,"column":45},"end":{"line":76,"column":46}},"loc":{"start":{"line":76,"column":54},"end":{"line":78,"column":7}}},"10":{"name":"(anonymous_19)","decl":{"start":{"line":84,"column":8},"end":{"line":84,"column":22}},"loc":{"start":{"line":84,"column":35},"end":{"line":92,"column":null}}},"11":{"name":"(anonymous_21)","decl":{"start":{"line":88,"column":49},"end":{"line":88,"column":50}},"loc":{"start":{"line":88,"column":62},"end":{"line":88,"column":94}}},"12":{"name":"(anonymous_22)","decl":{"start":{"line":94,"column":2},"end":{"line":94,"column":22}},"loc":{"start":{"line":94,"column":22},"end":{"line":100,"column":3}}},"13":{"name":"(anonymous_23)","decl":{"start":{"line":97,"column":53},"end":{"line":97,"column":54}},"loc":{"start":{"line":97,"column":61},"end":{"line":99,"column":5}}},"14":{"name":"(anonymous_24)","decl":{"start":{"line":102,"column":2},"end":{"line":102,"column":23}},"loc":{"start":{"line":102,"column":36},"end":{"line":106,"column":3}}},"15":{"name":"(anonymous_25)","decl":{"start":{"line":104,"column":56},"end":{"line":104,"column":57}},"loc":{"start":{"line":104,"column":69},"end":{"line":104,"column":101}}},"16":{"name":"(anonymous_26)","decl":{"start":{"line":108,"column":2},"end":{"line":108,"column":12}},"loc":{"start":{"line":108,"column":12},"end":{"line":117,"column":3}}},"17":{"name":"(anonymous_27)","decl":{"start":{"line":109,"column":56},"end":{"line":109,"column":57}},"loc":{"start":{"line":109,"column":64},"end":{"line":116,"column":5}}},"18":{"name":"(anonymous_28)","decl":{"start":{"line":120,"column":2},"end":{"line":120,"column":21}},"loc":{"start":{"line":120,"column":30},"end":{"line":123,"column":3}}},"19":{"name":"(anonymous_29)","decl":{"start":{"line":125,"column":8},"end":{"line":125,"column":32}},"loc":{"start":{"line":125,"column":41},"end":{"line":135,"column":null}}},"20":{"name":"(anonymous_31)","decl":{"start":{"line":137,"column":8},"end":{"line":137,"column":22}},"loc":{"start":{"line":137,"column":31},"end":{"line":139,"column":null}}},"21":{"name":"(anonymous_33)","decl":{"start":{"line":141,"column":8},"end":{"line":141,"column":15}},"loc":{"start":{"line":141,"column":24},"end":{"line":148,"column":null}}},"22":{"name":"(anonymous_35)","decl":{"start":{"line":151,"column":8},"end":{"line":151,"column":27}},"loc":{"start":{"line":151,"column":36},"end":{"line":153,"column":null}}},"23":{"name":"(anonymous_37)","decl":{"start":{"line":155,"column":8},"end":{"line":155,"column":24}},"loc":{"start":{"line":155,"column":33},"end":{"line":160,"column":null}}},"24":{"name":"(anonymous_39)","decl":{"start":{"line":156,"column":46},"end":{"line":156,"column":47}},"loc":{"start":{"line":156,"column":59},"end":{"line":158,"column":5}}},"25":{"name":"(anonymous_40)","decl":{"start":{"line":162,"column":8},"end":{"line":162,"column":29}},"loc":{"start":{"line":162,"column":38},"end":{"line":165,"column":null}}},"26":{"name":"(anonymous_42)","decl":{"start":{"line":167,"column":8},"end":{"line":167,"column":28}},"loc":{"start":{"line":167,"column":46},"end":{"line":173,"column":null}}},"27":{"name":"(anonymous_44)","decl":{"start":{"line":175,"column":8},"end":{"line":175,"column":36}},"loc":{"start":{"line":175,"column":46},"end":{"line":178,"column":null}}},"28":{"name":"(anonymous_46)","decl":{"start":{"line":181,"column":8},"end":{"line":181,"column":35}},"loc":{"start":{"line":181,"column":45},"end":{"line":185,"column":null}}},"29":{"name":"(anonymous_48)","decl":{"start":{"line":188,"column":2},"end":{"line":188,"column":29}},"loc":{"start":{"line":188,"column":38},"end":{"line":192,"column":3}}},"30":{"name":"(anonymous_49)","decl":{"start":{"line":195,"column":2},"end":{"line":195,"column":6}},"loc":{"start":{"line":195,"column":24},"end":{"line":197,"column":3}}},"31":{"name":"(anonymous_50)","decl":{"start":{"line":199,"column":2},"end":{"line":199,"column":6}},"loc":{"start":{"line":199,"column":28},"end":{"line":201,"column":3}}},"32":{"name":"(anonymous_51)","decl":{"start":{"line":203,"column":2},"end":{"line":203,"column":6}},"loc":{"start":{"line":203,"column":28},"end":{"line":205,"column":3}}},"33":{"name":"(anonymous_52)","decl":{"start":{"line":207,"column":2},"end":{"line":207,"column":6}},"loc":{"start":{"line":207,"column":33},"end":{"line":209,"column":3}}},"34":{"name":"(anonymous_53)","decl":{"start":{"line":211,"column":2},"end":{"line":211,"column":6}},"loc":{"start":{"line":211,"column":18},"end":{"line":213,"column":3}}},"35":{"name":"(anonymous_54)","decl":{"start":{"line":215,"column":2},"end":{"line":215,"column":6}},"loc":{"start":{"line":215,"column":23},"end":{"line":217,"column":3}}},"36":{"name":"(anonymous_55)","decl":{"start":{"line":219,"column":2},"end":{"line":219,"column":6}},"loc":{"start":{"line":219,"column":13},"end":{"line":221,"column":3}}},"37":{"name":"(anonymous_56)","decl":{"start":{"line":223,"column":2},"end":{"line":223,"column":6}},"loc":{"start":{"line":223,"column":13},"end":{"line":225,"column":3}}},"38":{"name":"(anonymous_57)","decl":{"start":{"line":227,"column":2},"end":{"line":227,"column":6}},"loc":{"start":{"line":227,"column":19},"end":{"line":229,"column":3}}},"39":{"name":"(anonymous_58)","decl":{"start":{"line":231,"column":2},"end":{"line":231,"column":6}},"loc":{"start":{"line":231,"column":15},"end":{"line":233,"column":3}}},"40":{"name":"(anonymous_59)","decl":{"start":{"line":235,"column":2},"end":{"line":235,"column":6}},"loc":{"start":{"line":235,"column":19},"end":{"line":237,"column":3}}},"41":{"name":"(anonymous_60)","decl":{"start":{"line":239,"column":2},"end":{"line":239,"column":6}},"loc":{"start":{"line":239,"column":22},"end":{"line":241,"column":3}}},"42":{"name":"(anonymous_61)","decl":{"start":{"line":243,"column":2},"end":{"line":243,"column":6}},"loc":{"start":{"line":243,"column":26},"end":{"line":245,"column":3}}}},"branchMap":{"0":{"loc":{"start":{"line":28,"column":4},"end":{"line":30,"column":null}},"type":"if","locations":[{"start":{"line":28,"column":4},"end":{"line":30,"column":null}},{"start":{"line":28,"column":4},"end":{"line":30,"column":null}}]},"1":{"loc":{"start":{"line":86,"column":4},"end":{"line":86,"column":30}},"type":"binary-expr","locations":[{"start":{"line":86,"column":4},"end":{"line":86,"column":30}},{"start":{"line":86,"column":34},"end":{"line":86,"column":54}}]},"2":{"loc":{"start":{"line":103,"column":4},"end":{"line":103,"column":37}},"type":"binary-expr","locations":[{"start":{"line":103,"column":4},"end":{"line":103,"column":37}},{"start":{"line":103,"column":41},"end":{"line":103,"column":68}}]},"3":{"loc":{"start":{"line":128,"column":4},"end":{"line":134,"column":null}},"type":"if","locations":[{"start":{"line":128,"column":4},"end":{"line":134,"column":null}},{"start":{"line":128,"column":4},"end":{"line":134,"column":null}}]}},"s":{"0":1,"1":1,"2":1,"3":1,"4":1,"5":1,"6":1,"7":1,"8":1,"9":1,"10":1,"11":1,"12":3,"13":3,"14":3,"15":3,"16":3,"17":3,"18":3,"19":3,"20":2,"21":2,"22":3,"23":3,"24":6,"25":6,"26":6,"27":3,"28":3,"29":3,"30":6,"31":6,"32":6,"33":3,"34":0,"35":0,"36":0,"37":0,"38":0,"39":0,"40":0,"41":0,"42":0,"43":0,"44":0,"45":0,"46":0,"47":0,"48":1,"49":0,"50":0,"51":0,"52":0,"53":0,"54":0,"55":0,"56":0,"57":0,"58":0,"59":0,"60":0,"61":0,"62":0,"63":0,"64":0,"65":0,"66":0,"67":0,"68":0,"69":0,"70":0,"71":0,"72":0,"73":0,"74":0,"75":0,"76":0,"77":0,"78":0,"79":0,"80":0,"81":0,"82":1,"83":21,"84":2,"85":3,"86":2,"87":0,"88":9,"89":9,"90":9,"91":9,"92":0,"93":0,"94":1},"f":{"0":1,"1":1,"2":1,"3":2,"4":3,"5":6,"6":6,"7":3,"8":6,"9":6,"10":0,"11":0,"12":0,"13":0,"14":0,"15":0,"16":0,"17":0,"18":1,"19":0,"20":0,"21":0,"22":0,"23":0,"24":0,"25":0,"26":0,"27":0,"28":0,"29":0,"30":0,"31":1,"32":21,"33":2,"34":3,"35":2,"36":0,"37":9,"38":9,"39":9,"40":9,"41":0,"42":0},"b":{"0":[1,0],"1":[0,0],"2":[0,0],"3":[0,0]}}
,"/Applications/MAMP/htdocs/domopaque/src/controller/sensor.controller.ts": {"path":"/Applications/MAMP/htdocs/domopaque/src/controller/sensor.controller.ts","statementMap":{"0":{"start":{"line":3,"column":0},"end":{"line":3,"column":47}},"1":{"start":{"line":10,"column":4},"end":{"line":10,"column":null}},"2":{"start":{"line":11,"column":4},"end":{"line":11,"column":25}},"3":{"start":{"line":12,"column":4},"end":{"line":12,"column":39}},"4":{"start":{"line":13,"column":4},"end":{"line":13,"column":null}},"5":{"start":{"line":14,"column":4},"end":{"line":14,"column":null}},"6":{"start":{"line":18,"column":23},"end":{"line":23,"column":null}},"7":{"start":{"line":25,"column":4},"end":{"line":25,"column":null}},"8":{"start":{"line":29,"column":6},"end":{"line":29,"column":28}},"9":{"start":{"line":33,"column":6},"end":{"line":33,"column":null}},"10":{"start":{"line":37,"column":0},"end":{"line":37,"column":32}}},"fnMap":{"0":{"name":"(anonymous_0)","decl":{"start":{"line":9,"column":2},"end":{"line":9,"column":14}},"loc":{"start":{"line":9,"column":28},"end":{"line":15,"column":3}}},"1":{"name":"(anonymous_1)","decl":{"start":{"line":17,"column":2},"end":{"line":17,"column":9}},"loc":{"start":{"line":17,"column":9},"end":{"line":26,"column":3}}},"2":{"name":"(anonymous_2)","decl":{"start":{"line":28,"column":2},"end":{"line":28,"column":6}},"loc":{"start":{"line":28,"column":19},"end":{"line":30,"column":3}}},"3":{"name":"(anonymous_3)","decl":{"start":{"line":32,"column":2},"end":{"line":32,"column":6}},"loc":{"start":{"line":32,"column":12},"end":{"line":34,"column":3}}}},"branchMap":{},"s":{"0":1,"1":6,"2":6,"3":6,"4":6,"5":6,"6":8,"7":8,"8":6,"9":0,"10":1},"f":{"0":6,"1":8,"2":6,"3":0},"b":{}}
,"/Applications/MAMP/htdocs/domopaque/src/controller/virtualactuator.controller.ts": {"path":"/Applications/MAMP/htdocs/domopaque/src/controller/virtualactuator.controller.ts","statementMap":{"0":{"start":{"line":6,"column":0},"end":{"line":6,"column":46}},"1":{"start":{"line":11,"column":4},"end":{"line":11,"column":null}},"2":{"start":{"line":12,"column":4},"end":{"line":12,"column":null}},"3":{"start":{"line":13,"column":4},"end":{"line":13,"column":null}},"4":{"start":{"line":14,"column":4},"end":{"line":14,"column":null}},"5":{"start":{"line":15,"column":4},"end":{"line":15,"column":null}},"6":{"start":{"line":16,"column":4},"end":{"line":16,"column":null}},"7":{"start":{"line":23,"column":14},"end":{"line":23,"column":16}},"8":{"start":{"line":24,"column":6},"end":{"line":30,"column":null}},"9":{"start":{"line":25,"column":10},"end":{"line":25,"column":null}},"10":{"start":{"line":26,"column":10},"end":{"line":26,"column":null}},"11":{"start":{"line":28,"column":10},"end":{"line":28,"column":null}},"12":{"start":{"line":29,"column":10},"end":{"line":29,"column":null}},"13":{"start":{"line":32,"column":6},"end":{"line":36,"column":null}},"14":{"start":{"line":33,"column":24},"end":{"line":33,"column":40}},"15":{"start":{"line":35,"column":10},"end":{"line":35,"column":null}},"16":{"start":{"line":40,"column":15},"end":{"line":44,"column":6}},"17":{"start":{"line":46,"column":4},"end":{"line":46,"column":16}},"18":{"start":{"line":50,"column":4},"end":{"line":54,"column":null}},"19":{"start":{"line":52,"column":8},"end":{"line":52,"column":null}},"20":{"start":{"line":53,"column":8},"end":{"line":53,"column":14}},"21":{"start":{"line":59,"column":0},"end":{"line":59,"column":41}}},"fnMap":{"0":{"name":"(anonymous_7)","decl":{"start":{"line":10,"column":2},"end":{"line":10,"column":14}},"loc":{"start":{"line":10,"column":18},"end":{"line":17,"column":3}}},"1":{"name":"(anonymous_8)","decl":{"start":{"line":19,"column":8},"end":{"line":19,"column":15}},"loc":{"start":{"line":19,"column":15},"end":{"line":20,"column":null}}},"2":{"name":"(anonymous_10)","decl":{"start":{"line":22,"column":8},"end":{"line":22,"column":19}},"loc":{"start":{"line":22,"column":23},"end":{"line":37,"column":null}}},"3":{"name":"(anonymous_12)","decl":{"start":{"line":39,"column":2},"end":{"line":39,"column":9}},"loc":{"start":{"line":39,"column":9},"end":{"line":47,"column":3}}},"4":{"name":"(anonymous_13)","decl":{"start":{"line":49,"column":8},"end":{"line":49,"column":16}},"loc":{"start":{"line":49,"column":20},"end":{"line":55,"column":null}}}},"branchMap":{"0":{"loc":{"start":{"line":24,"column":6},"end":{"line":30,"column":null}},"type":"if","locations":[{"start":{"line":24,"column":6},"end":{"line":30,"column":null}},{"start":{"line":24,"column":6},"end":{"line":30,"column":null}}]},"1":{"loc":{"start":{"line":24,"column":10},"end":{"line":24,"column":18}},"type":"binary-expr","locations":[{"start":{"line":24,"column":10},"end":{"line":24,"column":18}},{"start":{"line":24,"column":22},"end":{"line":24,"column":32}}]},"2":{"loc":{"start":{"line":51,"column":6},"end":{"line":53,"column":14}},"type":"switch","locations":[{"start":{"line":51,"column":6},"end":{"line":53,"column":14}}]}},"s":{"0":1,"1":1,"2":1,"3":1,"4":1,"5":1,"6":1,"7":0,"8":0,"9":0,"10":0,"11":0,"12":0,"13":0,"14":0,"15":0,"16":0,"17":0,"18":0,"19":0,"20":0,"21":1},"f":{"0":1,"1":0,"2":0,"3":0,"4":0},"b":{"0":[0,0],"1":[0,0],"2":[0]}}
,"/Applications/MAMP/htdocs/domopaque/src/helpers/promiseHelper.ts": {"path":"/Applications/MAMP/htdocs/domopaque/src/helpers/promiseHelper.ts","statementMap":{"0":{"start":{"line":1,"column":13},"end":{"line":7,"column":null}},"1":{"start":{"line":2,"column":4},"end":{"line":6,"column":7}},"2":{"start":{"line":3,"column":6},"end":{"line":5,"column":null}},"3":{"start":{"line":4,"column":23},"end":{"line":4,"column":42}},"4":{"start":{"line":5,"column":22},"end":{"line":5,"column":45}},"5":{"start":{"line":10,"column":13},"end":{"line":14,"column":null}},"6":{"start":{"line":11,"column":4},"end":{"line":13,"column":7}},"7":{"start":{"line":12,"column":6},"end":{"line":12,"column":38}}},"fnMap":{"0":{"name":"(anonymous_0)","decl":{"start":{"line":1,"column":28},"end":{"line":1,"column":29}},"loc":{"start":{"line":1,"column":80},"end":{"line":7,"column":3}}},"1":{"name":"(anonymous_1)","decl":{"start":{"line":2,"column":23},"end":{"line":2,"column":32}},"loc":{"start":{"line":2,"column":47},"end":{"line":6,"column":5}}},"2":{"name":"(anonymous_2)","decl":{"start":{"line":4,"column":14},"end":{"line":4,"column":15}},"loc":{"start":{"line":4,"column":23},"end":{"line":4,"column":42}}},"3":{"name":"(anonymous_3)","decl":{"start":{"line":5,"column":15},"end":{"line":5,"column":18}},"loc":{"start":{"line":5,"column":20},"end":{"line":5,"column":45}}},"4":{"name":"(anonymous_4)","decl":{"start":{"line":10,"column":28},"end":{"line":10,"column":29}},"loc":{"start":{"line":10,"column":37},"end":{"line":14,"column":1}}},"5":{"name":"(anonymous_5)","decl":{"start":{"line":11,"column":23},"end":{"line":11,"column":32}},"loc":{"start":{"line":11,"column":47},"end":{"line":13,"column":5}}}},"branchMap":{"0":{"loc":{"start":{"line":1,"column":43},"end":{"line":1,"column":45}},"type":"default-arg","locations":[{"start":{"line":1,"column":43},"end":{"line":1,"column":45}}]},"1":{"loc":{"start":{"line":1,"column":57},"end":{"line":1,"column":76}},"type":"default-arg","locations":[{"start":{"line":1,"column":57},"end":{"line":1,"column":76}}]}},"s":{"0":1,"1":3,"2":3,"3":2,"4":1,"5":1,"6":3,"7":3},"f":{"0":3,"1":3,"2":2,"3":1,"4":3,"5":3},"b":{"0":[0],"1":[0]}}
,"/Applications/MAMP/htdocs/domopaque/src/routes/environmentRoutes.ts": {"path":"/Applications/MAMP/htdocs/domopaque/src/routes/environmentRoutes.ts","statementMap":{"0":{"start":{"line":1,"column":15},"end":{"line":1,"column":42}},"1":{"start":{"line":4,"column":2},"end":{"line":4,"column":null}},"2":{"start":{"line":5,"column":2},"end":{"line":5,"column":null}},"3":{"start":{"line":6,"column":2},"end":{"line":6,"column":null}},"4":{"start":{"line":7,"column":2},"end":{"line":7,"column":null}},"5":{"start":{"line":8,"column":2},"end":{"line":8,"column":null}},"6":{"start":{"line":9,"column":2},"end":{"line":9,"column":null}},"7":{"start":{"line":10,"column":2},"end":{"line":10,"column":null}},"8":{"start":{"line":11,"column":2},"end":{"line":11,"column":null}},"9":{"start":{"line":11,"column":44},"end":{"line":11,"column":98}},"10":{"start":{"line":12,"column":2},"end":{"line":12,"column":85}},"11":{"start":{"line":13,"column":2},"end":{"line":13,"column":79}},"12":{"start":{"line":14,"column":2},"end":{"line":14,"column":null}},"13":{"start":{"line":17,"column":0},"end":{"line":20,"column":2}},"14":{"start":{"line":18,"column":2},"end":{"line":18,"column":42}},"15":{"start":{"line":19,"column":2},"end":{"line":19,"column":null}}},"fnMap":{"0":{"name":"initEnvironmentRoutes","decl":{"start":{"line":3,"column":9},"end":{"line":3,"column":30}},"loc":{"start":{"line":3,"column":53},"end":{"line":15,"column":1}}},"1":{"name":"(anonymous_1)","decl":{"start":{"line":11,"column":28},"end":{"line":11,"column":29}},"loc":{"start":{"line":11,"column":41},"end":{"line":11,"column":99}}},"2":{"name":"(anonymous_2)","decl":{"start":{"line":17,"column":15},"end":{"line":17,"column":16}},"loc":{"start":{"line":17,"column":36},"end":{"line":20,"column":1}}}},"branchMap":{},"s":{"0":1,"1":1,"2":1,"3":1,"4":1,"5":1,"6":1,"7":1,"8":1,"9":0,"10":1,"11":1,"12":1,"13":1,"14":1,"15":1},"f":{"0":1,"1":0,"2":1},"b":{}}
,"/Applications/MAMP/htdocs/domopaque/src/routes/googleHomeRoutes.ts": {"path":"/Applications/MAMP/htdocs/domopaque/src/routes/googleHomeRoutes.ts","statementMap":{"0":{"start":{"line":1,"column":15},"end":{"line":1,"column":42}},"1":{"start":{"line":3,"column":0},"end":{"line":3,"column":70}},"2":{"start":{"line":8,"column":2},"end":{"line":14,"column":5}},"3":{"start":{"line":9,"column":14},"end":{"line":9,"column":26}},"4":{"start":{"line":10,"column":17},"end":{"line":10,"column":43}},"5":{"start":{"line":11,"column":4},"end":{"line":11,"column":null}},"6":{"start":{"line":12,"column":4},"end":{"line":12,"column":54}},"7":{"start":{"line":13,"column":4},"end":{"line":13,"column":36}},"8":{"start":{"line":18,"column":0},"end":{"line":21,"column":2}},"9":{"start":{"line":19,"column":2},"end":{"line":19,"column":25}},"10":{"start":{"line":20,"column":2},"end":{"line":20,"column":null}}},"fnMap":{"0":{"name":"initGoogleHomeRoutes","decl":{"start":{"line":6,"column":9},"end":{"line":6,"column":29}},"loc":{"start":{"line":6,"column":29},"end":{"line":16,"column":1}}},"1":{"name":"(anonymous_1)","decl":{"start":{"line":8,"column":24},"end":{"line":8,"column":34}},"loc":{"start":{"line":8,"column":42},"end":{"line":14,"column":3}}},"2":{"name":"(anonymous_2)","decl":{"start":{"line":18,"column":15},"end":{"line":18,"column":18}},"loc":{"start":{"line":18,"column":20},"end":{"line":21,"column":1}}}},"branchMap":{},"s":{"0":1,"1":1,"2":1,"3":0,"4":0,"5":0,"6":0,"7":0,"8":1,"9":1,"10":1},"f":{"0":1,"1":0,"2":1},"b":{}}
,"/Applications/MAMP/htdocs/domopaque/src/routes/index.ts": {"path":"/Applications/MAMP/htdocs/domopaque/src/routes/index.ts","statementMap":{"0":{"start":{"line":1,"column":0},"end":{"line":1,"column":7}},"1":{"start":{"line":6,"column":4},"end":{"line":1,"column":51}},"2":{"start":{"line":2,"column":0},"end":{"line":2,"column":7}},"3":{"start":{"line":7,"column":4},"end":{"line":2,"column":49}},"4":{"start":{"line":3,"column":0},"end":{"line":3,"column":7}},"5":{"start":{"line":8,"column":4},"end":{"line":3,"column":37}}},"fnMap":{},"branchMap":{},"s":{"0":1,"1":1,"2":1,"3":1,"4":1,"5":1},"f":{},"b":{}}
,"/Applications/MAMP/htdocs/domopaque/src/routes/userRoutes.ts": {"path":"/Applications/MAMP/htdocs/domopaque/src/routes/userRoutes.ts","statementMap":{"0":{"start":{"line":1,"column":15},"end":{"line":1,"column":42}},"1":{"start":{"line":7,"column":2},"end":{"line":21,"column":5}},"2":{"start":{"line":19,"column":4},"end":{"line":19,"column":54}},"3":{"start":{"line":20,"column":4},"end":{"line":20,"column":33}},"4":{"start":{"line":25,"column":0},"end":{"line":28,"column":2}},"5":{"start":{"line":26,"column":2},"end":{"line":26,"column":19}},"6":{"start":{"line":27,"column":2},"end":{"line":27,"column":null}}},"fnMap":{"0":{"name":"initUserRoutes","decl":{"start":{"line":5,"column":9},"end":{"line":5,"column":23}},"loc":{"start":{"line":5,"column":23},"end":{"line":23,"column":1}}},"1":{"name":"(anonymous_8)","decl":{"start":{"line":7,"column":29},"end":{"line":7,"column":45}},"loc":{"start":{"line":7,"column":53},"end":{"line":21,"column":4}}},"2":{"name":"(anonymous_10)","decl":{"start":{"line":25,"column":15},"end":{"line":25,"column":18}},"loc":{"start":{"line":25,"column":20},"end":{"line":28,"column":1}}}},"branchMap":{},"s":{"0":1,"1":1,"2":0,"3":0,"4":1,"5":1,"6":1},"f":{"0":1,"1":0,"2":1},"b":{}}
}
