TN:
SF:/Applications/MAMP/htdocs/domopaque/src/config.ts
FNF:0
FNH:0
DA:1,1
LF:1
LH:1
BRF:0
BRH:0
end_of_record
TN:
SF:/Applications/MAMP/htdocs/domopaque/src/index.ts
FN:16,initApp
FN:21,(anonymous_9)
FN:41,setupWebSocket
FN:45,(anonymous_11)
FN:53,initDB
FN:66,initCron
FN:67,(anonymous_16)
FN:67,(anonymous_17)
FN:81,insertInSensor
FNF:9
FNH:3
FNDA:1,initApp
FNDA:1,(anonymous_9)
FNDA:1,setupWebSocket
FNDA:0,(anonymous_11)
FNDA:0,initDB
FNDA:0,initCron
FNDA:0,(anonymous_16)
FNDA:0,(anonymous_17)
FNDA:0,insertInSensor
DA:1,1
DA:2,1
DA:3,1
DA:4,1
DA:6,1
DA:7,1
DA:9,1
DA:12,1
DA:13,1
DA:14,1
DA:18,1
DA:19,1
DA:21,1
DA:23,1
DA:26,1
DA:27,1
DA:30,1
DA:31,1
DA:32,1
DA:34,1
DA:35,1
DA:42,1
DA:43,1
DA:44,1
DA:45,1
DA:46,0
DA:47,0
DA:48,0
DA:50,1
DA:54,0
DA:55,0
DA:57,0
DA:60,0
DA:62,0
DA:67,0
DA:68,0
DA:70,0
DA:72,0
DA:73,0
DA:74,0
DA:77,0
DA:83,0
DA:85,0
DA:86,0
DA:87,0
DA:94,0
LF:46
LH:26
BRF:0
BRH:0
end_of_record
TN:
SF:/Applications/MAMP/htdocs/domopaque/src/controller/GoogleHome.controller.ts
FN:10,(anonymous_0)
FN:14,(anonymous_1)
FN:19,(anonymous_2)
FNF:3
FNH:0
FNDA:0,(anonymous_0)
FNDA:0,(anonymous_1)
FNDA:0,(anonymous_2)
DA:1,1
DA:4,1
DA:6,0
DA:7,0
DA:8,0
DA:11,0
DA:12,0
DA:13,0
DA:15,0
DA:20,0
DA:21,0
DA:23,0
LF:12
LH:2
BRDA:19,0,0,0
BRDA:20,1,0,0
BRDA:20,1,1,0
BRF:3
BRH:0
end_of_record
TN:
SF:/Applications/MAMP/htdocs/domopaque/src/controller/actuator.controller.ts
FN:8,(anonymous_7)
FN:16,(anonymous_8)
FN:26,(anonymous_9)
FN:32,(anonymous_11)
FN:46,(anonymous_13)
FNF:5
FNH:2
FNDA:1,(anonymous_7)
FNDA:1,(anonymous_8)
FNDA:0,(anonymous_9)
FNDA:0,(anonymous_11)
FNDA:0,(anonymous_13)
DA:1,1
DA:2,1
DA:4,1
DA:9,1
DA:10,1
DA:11,1
DA:12,1
DA:13,1
DA:17,1
DA:23,1
DA:27,0
DA:28,0
DA:29,0
DA:33,0
DA:34,0
DA:47,0
DA:48,0
DA:53,1
LF:18
LH:11
BRF:0
BRH:0
end_of_record
TN:
SF:/Applications/MAMP/htdocs/domopaque/src/controller/base.controller.ts
FN:11,(anonymous_0)
FN:15,(anonymous_1)
FN:19,(anonymous_2)
FN:23,(anonymous_3)
FN:27,(anonymous_4)
FN:31,(anonymous_5)
FN:35,(anonymous_6)
FN:39,(anonymous_7)
FN:43,(anonymous_8)
FN:47,(anonymous_9)
FN:51,(anonymous_10)
FN:55,(anonymous_11)
FNF:12
FNH:8
FNDA:8,(anonymous_0)
FNDA:9,(anonymous_1)
FNDA:8,(anonymous_2)
FNDA:9,(anonymous_3)
FNDA:2,(anonymous_4)
FNDA:0,(anonymous_5)
FNDA:0,(anonymous_6)
FNDA:2,(anonymous_7)
FNDA:20,(anonymous_8)
FNDA:7,(anonymous_9)
FNDA:0,(anonymous_10)
FNDA:0,(anonymous_11)
DA:12,8
DA:16,9
DA:20,8
DA:24,9
DA:28,2
DA:32,0
DA:36,0
DA:40,2
DA:44,20
DA:48,7
DA:52,0
DA:56,0
DA:60,1
LF:13
LH:9
BRF:0
BRH:0
end_of_record
TN:
SF:/Applications/MAMP/htdocs/domopaque/src/controller/device.controller.ts
FN:17,(anonymous_0)
FN:27,(anonymous_1)
FN:32,(anonymous_2)
FN:33,(anonymous_3)
FN:41,(anonymous_4)
FN:43,(anonymous_5)
FN:50,(anonymous_6)
FN:52,(anonymous_7)
FN:59,(anonymous_8)
FN:60,(anonymous_9)
FN:61,(anonymous_10)
FN:64,(anonymous_11)
FN:70,(anonymous_12)
FN:74,(anonymous_13)
FN:78,(anonymous_14)
FN:82,(anonymous_15)
FN:86,(anonymous_16)
FN:90,(anonymous_17)
FN:94,(anonymous_18)
FN:98,(anonymous_19)
FN:102,(anonymous_20)
FN:106,(anonymous_21)
FN:110,(anonymous_22)
FN:114,(anonymous_23)
FN:118,(anonymous_24)
FN:122,(anonymous_25)
FNF:26
FNH:20
FNDA:3,(anonymous_0)
FNDA:10,(anonymous_1)
FNDA:8,(anonymous_2)
FNDA:1,(anonymous_3)
FNDA:3,(anonymous_4)
FNDA:6,(anonymous_5)
FNDA:3,(anonymous_6)
FNDA:1,(anonymous_7)
FNDA:0,(anonymous_8)
FNDA:0,(anonymous_9)
FNDA:0,(anonymous_10)
FNDA:0,(anonymous_11)
FNDA:3,(anonymous_12)
FNDA:0,(anonymous_13)
FNDA:3,(anonymous_14)
FNDA:13,(anonymous_15)
FNDA:1,(anonymous_16)
FNDA:16,(anonymous_17)
FNDA:2,(anonymous_18)
FNDA:16,(anonymous_19)
FNDA:10,(anonymous_20)
FNDA:3,(anonymous_21)
FNDA:10,(anonymous_22)
FNDA:0,(anonymous_23)
FNDA:10,(anonymous_24)
FNDA:3,(anonymous_25)
DA:3,1
DA:4,1
DA:8,3
DA:9,3
DA:10,3
DA:11,3
DA:12,3
DA:18,3
DA:19,3
DA:20,3
DA:21,3
DA:22,3
DA:23,3
DA:24,3
DA:28,10
DA:32,8
DA:33,1
DA:36,10
DA:38,10
DA:42,3
DA:43,2
DA:44,6
DA:45,6
DA:51,3
DA:52,1
DA:53,1
DA:54,1
DA:60,0
DA:61,0
DA:65,0
DA:66,0
DA:67,0
DA:71,3
DA:75,0
DA:79,3
DA:83,13
DA:87,1
DA:91,16
DA:95,2
DA:99,16
DA:103,10
DA:107,3
DA:111,10
DA:115,0
DA:119,10
DA:123,3
DA:127,1
LF:47
LH:40
BRDA:22,0,0,3
BRDA:22,0,1,1
BRDA:36,1,0,10
BRDA:36,1,1,1
BRDA:42,2,0,2
BRDA:42,2,1,1
BRDA:42,3,0,3
BRDA:42,3,1,2
BRDA:51,4,0,1
BRDA:51,4,1,2
BRDA:51,5,0,3
BRDA:51,5,1,2
BRF:12
BRH:12
end_of_record
TN:
SF:/Applications/MAMP/htdocs/domopaque/src/controller/environment.controller.ts
FN:27,(anonymous_7)
FN:36,(anonymous_8)
FN:63,(anonymous_10)
FN:71,(anonymous_11)
FN:80,(anonymous_13)
FN:95,(anonymous_15)
FN:99,(anonymous_17)
FN:103,(anonymous_18)
FN:107,(anonymous_19)
FN:111,(anonymous_20)
FN:115,(anonymous_21)
FN:119,(anonymous_22)
FNF:12
FNH:8
FNDA:3,(anonymous_7)
FNDA:3,(anonymous_8)
FNDA:0,(anonymous_10)
FNDA:3,(anonymous_11)
FNDA:6,(anonymous_13)
FNDA:0,(anonymous_15)
FNDA:9,(anonymous_17)
FNDA:0,(anonymous_18)
FNDA:21,(anonymous_19)
FNDA:0,(anonymous_20)
FNDA:7,(anonymous_21)
FNDA:3,(anonymous_22)
DA:4,1
DA:6,1
DA:8,1
DA:9,1
DA:11,1
DA:13,3
DA:22,3
DA:23,3
DA:24,3
DA:28,3
DA:32,3
DA:37,3
DA:38,3
DA:39,3
DA:41,3
DA:42,3
DA:44,3
DA:45,1
DA:56,3
DA:57,3
DA:58,3
DA:59,3
DA:60,3
DA:62,0
DA:63,0
DA:64,0
DA:72,3
DA:73,3
DA:74,1
DA:75,1
DA:82,6
DA:92,6
DA:96,0
DA:100,9
DA:104,0
DA:108,21
DA:112,0
DA:116,7
DA:120,3
LF:39
LH:33
BRDA:33,0,0,1
BRDA:33,0,1,2
BRDA:33,1,0,3
BRDA:33,1,1,1
BRDA:44,2,0,1
BRDA:44,2,1,2
BRDA:56,3,0,3
BRDA:56,3,1,0
BRF:8
BRH:7
end_of_record
TN:
SF:/Applications/MAMP/htdocs/domopaque/src/controller/home.controller.ts
FN:23,(anonymous_7)
FN:27,(anonymous_8)
FN:35,(anonymous_9)
FN:52,(anonymous_11)
FN:57,(anonymous_12)
FN:61,(anonymous_13)
FN:63,(anonymous_14)
FN:71,(anonymous_15)
FN:74,(anonymous_17)
FN:76,(anonymous_18)
FN:84,(anonymous_19)
FN:88,(anonymous_21)
FN:94,(anonymous_22)
FN:97,(anonymous_23)
FN:102,(anonymous_24)
FN:104,(anonymous_25)
FN:108,(anonymous_26)
FN:109,(anonymous_27)
FN:120,(anonymous_28)
FN:125,(anonymous_29)
FN:137,(anonymous_31)
FN:141,(anonymous_33)
FN:151,(anonymous_35)
FN:155,(anonymous_37)
FN:156,(anonymous_39)
FN:162,(anonymous_40)
FN:167,(anonymous_42)
FN:175,(anonymous_44)
FN:181,(anonymous_46)
FN:188,(anonymous_48)
FN:195,(anonymous_49)
FN:199,(anonymous_50)
FN:203,(anonymous_51)
FN:207,(anonymous_52)
FN:211,(anonymous_53)
FN:215,(anonymous_54)
FN:219,(anonymous_55)
FN:223,(anonymous_56)
FN:227,(anonymous_57)
FN:231,(anonymous_58)
FN:235,(anonymous_59)
FN:239,(anonymous_60)
FN:243,(anonymous_61)
FNF:43
FNH:20
FNDA:1,(anonymous_7)
FNDA:1,(anonymous_8)
FNDA:1,(anonymous_9)
FNDA:2,(anonymous_11)
FNDA:3,(anonymous_12)
FNDA:6,(anonymous_13)
FNDA:6,(anonymous_14)
FNDA:3,(anonymous_15)
FNDA:6,(anonymous_17)
FNDA:6,(anonymous_18)
FNDA:0,(anonymous_19)
FNDA:0,(anonymous_21)
FNDA:0,(anonymous_22)
FNDA:0,(anonymous_23)
FNDA:0,(anonymous_24)
FNDA:0,(anonymous_25)
FNDA:0,(anonymous_26)
FNDA:0,(anonymous_27)
FNDA:1,(anonymous_28)
FNDA:0,(anonymous_29)
FNDA:0,(anonymous_31)
FNDA:0,(anonymous_33)
FNDA:0,(anonymous_35)
FNDA:0,(anonymous_37)
FNDA:0,(anonymous_39)
FNDA:0,(anonymous_40)
FNDA:0,(anonymous_42)
FNDA:0,(anonymous_44)
FNDA:0,(anonymous_46)
FNDA:0,(anonymous_48)
FNDA:0,(anonymous_49)
FNDA:1,(anonymous_50)
FNDA:21,(anonymous_51)
FNDA:2,(anonymous_52)
FNDA:3,(anonymous_53)
FNDA:2,(anonymous_54)
FNDA:0,(anonymous_55)
FNDA:9,(anonymous_56)
FNDA:9,(anonymous_57)
FNDA:9,(anonymous_58)
FNDA:9,(anonymous_59)
FNDA:0,(anonymous_60)
FNDA:0,(anonymous_61)
DA:3,1
DA:18,1
DA:19,1
DA:20,1
DA:21,1
DA:24,1
DA:28,1
DA:29,1
DA:32,1
DA:36,1
DA:37,1
DA:38,1
DA:39,3
DA:40,3
DA:41,3
DA:42,3
DA:43,3
DA:44,3
DA:46,3
DA:47,3
DA:53,2
DA:54,2
DA:59,3
DA:61,3
DA:62,6
DA:63,6
DA:64,6
DA:68,3
DA:72,3
DA:74,3
DA:75,6
DA:76,6
DA:77,6
DA:81,3
DA:86,0
DA:88,0
DA:89,0
DA:91,0
DA:95,0
DA:97,0
DA:98,0
DA:103,0
DA:104,0
DA:105,0
DA:109,0
DA:110,0
DA:121,1
DA:122,0
DA:126,0
DA:127,0
DA:128,0
DA:129,0
DA:130,0
DA:131,0
DA:133,0
DA:138,0
DA:142,0
DA:143,0
DA:144,0
DA:146,0
DA:152,0
DA:156,0
DA:157,0
DA:159,0
DA:163,0
DA:164,0
DA:168,0
DA:169,0
DA:170,0
DA:171,0
DA:172,0
DA:176,0
DA:177,0
DA:182,0
DA:183,0
DA:184,0
DA:189,0
DA:190,0
DA:191,0
DA:196,0
DA:200,1
DA:204,21
DA:208,2
DA:212,3
DA:216,2
DA:220,0
DA:224,9
DA:228,9
DA:232,9
DA:236,9
DA:240,0
DA:244,0
DA:249,1
LF:93
LH:45
BRDA:28,0,0,1
BRDA:28,0,1,0
BRDA:86,1,0,0
BRDA:86,1,1,0
BRDA:103,2,0,0
BRDA:103,2,1,0
BRDA:128,3,0,0
BRDA:128,3,1,0
BRF:8
BRH:1
end_of_record
TN:
SF:/Applications/MAMP/htdocs/domopaque/src/controller/sensor.controller.ts
FN:9,(anonymous_0)
FN:17,(anonymous_1)
FN:28,(anonymous_2)
FN:32,(anonymous_3)
FNF:4
FNH:3
FNDA:6,(anonymous_0)
FNDA:8,(anonymous_1)
FNDA:6,(anonymous_2)
FNDA:0,(anonymous_3)
DA:3,1
DA:10,6
DA:11,6
DA:12,6
DA:13,6
DA:14,6
DA:18,8
DA:25,8
DA:29,6
DA:33,0
DA:37,1
LF:11
LH:10
BRF:0
BRH:0
end_of_record
TN:
SF:/Applications/MAMP/htdocs/domopaque/src/controller/virtualactuator.controller.ts
FN:10,(anonymous_7)
FN:19,(anonymous_8)
FN:22,(anonymous_10)
FN:39,(anonymous_12)
FN:49,(anonymous_13)
FNF:5
FNH:1
FNDA:1,(anonymous_7)
FNDA:0,(anonymous_8)
FNDA:0,(anonymous_10)
FNDA:0,(anonymous_12)
FNDA:0,(anonymous_13)
DA:6,1
DA:11,1
DA:12,1
DA:13,1
DA:14,1
DA:15,1
DA:16,1
DA:23,0
DA:24,0
DA:25,0
DA:26,0
DA:28,0
DA:29,0
DA:32,0
DA:33,0
DA:35,0
DA:40,0
DA:46,0
DA:50,0
DA:52,0
DA:53,0
DA:59,1
LF:22
LH:8
BRDA:24,0,0,0
BRDA:24,0,1,0
BRDA:24,1,0,0
BRDA:24,1,1,0
BRDA:51,2,0,0
BRF:5
BRH:0
end_of_record
TN:
SF:/Applications/MAMP/htdocs/domopaque/src/helpers/promiseHelper.ts
FN:1,(anonymous_0)
FN:2,(anonymous_1)
FN:4,(anonymous_2)
FN:5,(anonymous_3)
FN:10,(anonymous_4)
FN:11,(anonymous_5)
FNF:6
FNH:6
FNDA:3,(anonymous_0)
FNDA:3,(anonymous_1)
FNDA:2,(anonymous_2)
FNDA:1,(anonymous_3)
FNDA:3,(anonymous_4)
FNDA:3,(anonymous_5)
DA:1,1
DA:2,3
DA:3,3
DA:4,2
DA:5,1
DA:10,1
DA:11,3
DA:12,3
LF:8
LH:8
BRDA:1,0,0,0
BRDA:1,1,0,0
BRF:2
BRH:0
end_of_record
TN:
SF:/Applications/MAMP/htdocs/domopaque/src/routes/environmentRoutes.ts
FN:3,initEnvironmentRoutes
FN:11,(anonymous_1)
FN:17,(anonymous_2)
FNF:3
FNH:2
FNDA:1,initEnvironmentRoutes
FNDA:0,(anonymous_1)
FNDA:1,(anonymous_2)
DA:1,1
DA:4,1
DA:5,1
DA:6,1
DA:7,1
DA:8,1
DA:9,1
DA:10,1
DA:11,1
DA:12,1
DA:13,1
DA:14,1
DA:17,1
DA:18,1
DA:19,1
LF:15
LH:15
BRF:0
BRH:0
end_of_record
TN:
SF:/Applications/MAMP/htdocs/domopaque/src/routes/googleHomeRoutes.ts
FN:6,initGoogleHomeRoutes
FN:8,(anonymous_1)
FN:18,(anonymous_2)
FNF:3
FNH:2
FNDA:1,initGoogleHomeRoutes
FNDA:0,(anonymous_1)
FNDA:1,(anonymous_2)
DA:1,1
DA:3,1
DA:8,1
DA:9,0
DA:10,0
DA:11,0
DA:12,0
DA:13,0
DA:18,1
DA:19,1
DA:20,1
LF:11
LH:6
BRF:0
BRH:0
end_of_record
TN:
SF:/Applications/MAMP/htdocs/domopaque/src/routes/index.ts
FNF:0
FNH:0
DA:1,1
DA:2,1
DA:3,1
DA:6,1
DA:7,1
DA:8,1
LF:6
LH:6
BRF:0
BRH:0
end_of_record
TN:
SF:/Applications/MAMP/htdocs/domopaque/src/routes/userRoutes.ts
FN:5,initUserRoutes
FN:7,(anonymous_8)
FN:25,(anonymous_10)
FNF:3
FNH:2
FNDA:1,initUserRoutes
FNDA:0,(anonymous_8)
FNDA:1,(anonymous_10)
DA:1,1
DA:7,1
DA:19,0
DA:20,0
DA:25,1
DA:26,1
DA:27,1
LF:7
LH:5
BRF:0
BRH:0
end_of_record
